Determining if the pthread_create exist failed with the following output:
Change Dir: /home/francesco/Projects/roblab_ws/build/catkin_tools_prebuild/CMakeFiles/CMakeTmp

Run Build Command:"/usr/bin/make" "cmTC_17b4e/fast"
/usr/bin/make -f CMakeFiles/cmTC_17b4e.dir/build.make CMakeFiles/cmTC_17b4e.dir/build
make[1]: Entering directory '/home/francesco/Projects/roblab_ws/build/catkin_tools_prebuild/CMakeFiles/CMakeTmp'
Building C object CMakeFiles/cmTC_17b4e.dir/CheckSymbolExists.c.o
/usr/bin/cc    -o CMakeFiles/cmTC_17b4e.dir/CheckSymbolExists.c.o   -c /home/francesco/Projects/roblab_ws/build/catkin_tools_prebuild/CMakeFiles/CMakeTmp/CheckSymbolExists.c
Linking C executable cmTC_17b4e
/usr/bin/cmake -E cmake_link_script CMakeFiles/cmTC_17b4e.dir/link.txt --verbose=1
/usr/bin/cc      -rdynamic CMakeFiles/cmTC_17b4e.dir/CheckSymbolExists.c.o  -o cmTC_17b4e 
CMakeFiles/cmTC_17b4e.dir/CheckSymbolExists.c.o: In function `main':
CheckSymbolExists.c:(.text+0x1b): undefined reference to `pthread_create'
collect2: error: ld returned 1 exit status
CMakeFiles/cmTC_17b4e.dir/build.make:97: recipe for target 'cmTC_17b4e' failed
make[1]: *** [cmTC_17b4e] Error 1
make[1]: Leaving directory '/home/francesco/Projects/roblab_ws/build/catkin_tools_prebuild/CMakeFiles/CMakeTmp'
Makefile:126: recipe for target 'cmTC_17b4e/fast' failed
make: *** [cmTC_17b4e/fast] Error 2

File /home/francesco/Projects/roblab_ws/build/catkin_tools_prebuild/CMakeFiles/CMakeTmp/CheckSymbolExists.c:
/* */
#include <pthread.h>

int main(int argc, char** argv)
{
  (void)argv;
#ifndef pthread_create
  return ((int*)(&pthread_create))[argc];
#else
  (void)argc;
  return 0;
#endif
}

Determining if the function pthread_create exists in the pthreads failed with the following output:
Change Dir: /home/francesco/Projects/roblab_ws/build/catkin_tools_prebuild/CMakeFiles/CMakeTmp

Run Build Command:"/usr/bin/make" "cmTC_f79d5/fast"
/usr/bin/make -f CMakeFiles/cmTC_f79d5.dir/build.make CMakeFiles/cmTC_f79d5.dir/build
make[1]: Entering directory '/home/francesco/Projects/roblab_ws/build/catkin_tools_prebuild/CMakeFiles/CMakeTmp'
Building C object CMakeFiles/cmTC_f79d5.dir/CheckFunctionExists.c.o
/usr/bin/cc   -DCHECK_FUNCTION_EXISTS=pthread_create   -o CMakeFiles/cmTC_f79d5.dir/CheckFunctionExists.c.o   -c /usr/share/cmake-3.10/Modules/CheckFunctionExists.c
Linking C executable cmTC_f79d5
/usr/bin/cmake -E cmake_link_script CMakeFiles/cmTC_f79d5.dir/link.txt --verbose=1
/usr/bin/cc  -DCHECK_FUNCTION_EXISTS=pthread_create    -rdynamic CMakeFiles/cmTC_f79d5.dir/CheckFunctionExists.c.o  -o cmTC_f79d5 -lpthreads 
/usr/bin/ld: cannot find -lpthreads
collect2: error: ld returned 1 exit status
CMakeFiles/cmTC_f79d5.dir/build.make:97: recipe for target 'cmTC_f79d5' failed
make[1]: *** [cmTC_f79d5] Error 1
make[1]: Leaving directory '/home/francesco/Projects/roblab_ws/build/catkin_tools_prebuild/CMakeFiles/CMakeTmp'
Makefile:126: recipe for target 'cmTC_f79d5/fast' failed
make: *** [cmTC_f79d5/fast] Error 2


