Determining if the pthread_create exist failed with the following output:
Change Dir: /home/francesco/Projects/roblab_ws/build/comau_description/CMakeFiles/CMakeTmp

Run Build Command:"/usr/bin/make" "cmTC_bf1ce/fast"
/usr/bin/make -f CMakeFiles/cmTC_bf1ce.dir/build.make CMakeFiles/cmTC_bf1ce.dir/build
make[1]: Entering directory '/home/francesco/Projects/roblab_ws/build/comau_description/CMakeFiles/CMakeTmp'
Building C object CMakeFiles/cmTC_bf1ce.dir/CheckSymbolExists.c.o
/usr/bin/cc    -o CMakeFiles/cmTC_bf1ce.dir/CheckSymbolExists.c.o   -c /home/francesco/Projects/roblab_ws/build/comau_description/CMakeFiles/CMakeTmp/CheckSymbolExists.c
Linking C executable cmTC_bf1ce
/usr/bin/cmake -E cmake_link_script CMakeFiles/cmTC_bf1ce.dir/link.txt --verbose=1
/usr/bin/cc      -rdynamic CMakeFiles/cmTC_bf1ce.dir/CheckSymbolExists.c.o  -o cmTC_bf1ce 
CMakeFiles/cmTC_bf1ce.dir/CheckSymbolExists.c.o: In function `main':
CheckSymbolExists.c:(.text+0x1b): undefined reference to `pthread_create'
collect2: error: ld returned 1 exit status
CMakeFiles/cmTC_bf1ce.dir/build.make:97: recipe for target 'cmTC_bf1ce' failed
make[1]: *** [cmTC_bf1ce] Error 1
make[1]: Leaving directory '/home/francesco/Projects/roblab_ws/build/comau_description/CMakeFiles/CMakeTmp'
Makefile:126: recipe for target 'cmTC_bf1ce/fast' failed
make: *** [cmTC_bf1ce/fast] Error 2

File /home/francesco/Projects/roblab_ws/build/comau_description/CMakeFiles/CMakeTmp/CheckSymbolExists.c:
/* */
#include <pthread.h>

int main(int argc, char** argv)
{
  (void)argv;
#ifndef pthread_create
  return ((int*)(&pthread_create))[argc];
#else
  (void)argc;
  return 0;
#endif
}

Determining if the function pthread_create exists in the pthreads failed with the following output:
Change Dir: /home/francesco/Projects/roblab_ws/build/comau_description/CMakeFiles/CMakeTmp

Run Build Command:"/usr/bin/make" "cmTC_54441/fast"
/usr/bin/make -f CMakeFiles/cmTC_54441.dir/build.make CMakeFiles/cmTC_54441.dir/build
make[1]: Entering directory '/home/francesco/Projects/roblab_ws/build/comau_description/CMakeFiles/CMakeTmp'
Building C object CMakeFiles/cmTC_54441.dir/CheckFunctionExists.c.o
/usr/bin/cc   -DCHECK_FUNCTION_EXISTS=pthread_create   -o CMakeFiles/cmTC_54441.dir/CheckFunctionExists.c.o   -c /usr/share/cmake-3.10/Modules/CheckFunctionExists.c
Linking C executable cmTC_54441
/usr/bin/cmake -E cmake_link_script CMakeFiles/cmTC_54441.dir/link.txt --verbose=1
/usr/bin/cc  -DCHECK_FUNCTION_EXISTS=pthread_create    -rdynamic CMakeFiles/cmTC_54441.dir/CheckFunctionExists.c.o  -o cmTC_54441 -lpthreads 
/usr/bin/ld: cannot find -lpthreads
collect2: error: ld returned 1 exit status
CMakeFiles/cmTC_54441.dir/build.make:97: recipe for target 'cmTC_54441' failed
make[1]: *** [cmTC_54441] Error 1
make[1]: Leaving directory '/home/francesco/Projects/roblab_ws/build/comau_description/CMakeFiles/CMakeTmp'
Makefile:126: recipe for target 'cmTC_54441/fast' failed
make: *** [cmTC_54441/fast] Error 2


